<?xml version="1.0" encoding="UTF-8"?>
<coverage generated="1733272440105" clover="3.2.0">
  <project timestamp="1733272440105" name="All files">
    <metrics statements="21" coveredstatements="17" conditionals="8" coveredconditionals="6" methods="7" coveredmethods="6" elements="36" coveredelements="29" complexity="0" loc="21" ncloc="21" packages="2" files="2" classes="2"/>
    <package name="applications.services">
      <metrics statements="16" coveredstatements="12" conditionals="6" coveredconditionals="4" methods="6" coveredmethods="5"/>
      <file name="ProductService.ts" path="/home/gsoares/pos/micro/fast-food-ms-produtos/src/core/applications/services/ProductService.ts">
        <metrics statements="16" coveredstatements="12" conditionals="6" coveredconditionals="4" methods="6" coveredmethods="5"/>
        <line num="5" count="1" type="stmt"/>
        <line num="9" count="1" type="stmt"/>
        <line num="13" count="1" type="stmt"/>
        <line num="14" count="1" type="stmt"/>
        <line num="18" count="1" type="stmt"/>
        <line num="20" count="1" type="cond" truecount="1" falsecount="0"/>
        <line num="21" count="1" type="stmt"/>
        <line num="24" count="0" type="stmt"/>
        <line num="25" count="0" type="stmt"/>
        <line num="29" count="0" type="stmt"/>
        <line num="31" count="0" type="cond" truecount="0" falsecount="2"/>
        <line num="35" count="1" type="stmt"/>
        <line num="37" count="1" type="cond" truecount="2" falsecount="0"/>
        <line num="40" count="1" type="cond" truecount="1" falsecount="0"/>
        <line num="41" count="1" type="stmt"/>
        <line num="42" count="1" type="stmt"/>
      </file>
    </package>
    <package name="domain">
      <metrics statements="5" coveredstatements="5" conditionals="2" coveredconditionals="2" methods="1" coveredmethods="1"/>
      <file name="Product.ts" path="/home/gsoares/pos/micro/fast-food-ms-produtos/src/core/domain/Product.ts">
        <metrics statements="5" coveredstatements="5" conditionals="2" coveredconditionals="2" methods="1" coveredmethods="1"/>
        <line num="1" count="1" type="cond" truecount="2" falsecount="0"/>
        <line num="2" count="1" type="stmt"/>
        <line num="3" count="1" type="stmt"/>
        <line num="4" count="1" type="stmt"/>
        <line num="5" count="1" type="stmt"/>
      </file>
    </package>
  </project>
</coverage>
