TN:
SF:src/core/applications/services/ProductService.ts
FN:8,(anonymous_0)
FN:40,(anonymous_1)
FN:12,(anonymous_2)
FN:17,(anonymous_3)
FN:28,(anonymous_4)
FN:34,(anonymous_5)
FNF:6
FNH:5
FNDA:1,(anonymous_0)
FNDA:1,(anonymous_1)
FNDA:1,(anonymous_2)
FNDA:1,(anonymous_3)
FNDA:0,(anonymous_4)
FNDA:1,(anonymous_5)
DA:5,1
DA:9,1
DA:13,1
DA:14,1
DA:18,1
DA:20,1
DA:21,1
DA:24,0
DA:25,0
DA:29,0
DA:31,0
DA:35,1
DA:37,1
DA:40,1
DA:41,1
DA:42,1
LF:16
LH:12
BRDA:40,0,0,1
BRDA:20,1,0,1
BRDA:31,2,0,0
BRDA:31,2,1,0
BRDA:37,3,0,1
BRDA:37,3,1,1
BRF:6
BRH:4
end_of_record
TN:
SF:src/core/domain/Product.ts
FN:1,(anonymous_0)
FNF:1
FNH:1
FNDA:1,(anonymous_0)
DA:1,1
DA:2,1
DA:3,1
DA:4,1
DA:5,1
LF:5
LH:5
BRDA:1,0,0,1
BRDA:1,0,1,1
BRF:2
BRH:2
end_of_record
